<?xml version="1.0" encoding="UTF-8"?>
<!-- Generated by org.testng.reporters.JUnitReportReporter -->
<testsuite hostname="LAPTOP-P211J040" failures="0" tests="1" name="testcases.CheckOutClass" time="67.257" errors="0" timestamp="2021-03-16T17:54:18 IST" skipped="0">
  <testcase classname="testcases.CheckOutClass" name="opensite" time="67.257"/>
  <system-out/>
</testsuite> <!-- testcases.CheckOutClass -->
