<?xml version="1.0" encoding="UTF-8"?>
<!-- Generated by org.testng.reporters.JUnitReportReporter -->
<testsuite hostname="LAPTOP-P211J040" failures="0" tests="18" name="testcases.test" time="58.358" errors="0" timestamp="2021-03-23T17:31:02 IST" skipped="0">
  <testcase classname="testcases.test" name="virtual_product_TestCases" time="15.143"/>
  <system-out/>
  <testcase classname="testcases.test" name="virtual_paymentUICases_open" time="2.556"/>
  <system-out/>
  <testcase classname="testcases.test" name="virtual_UIUX_paymentStep" time="0.010"/>
  <system-out/>
  <testcase classname="testcases.test" name="virtual_UIUX_paymentStep" time="0.105"/>
  <system-out/>
  <testcase classname="testcases.test" name="virtual_UIUX_paymentStep" time="0.028"/>
  <system-out/>
  <testcase classname="testcases.test" name="virtual_UIUX_paymentStep" time="0.044"/>
  <system-out/>
  <testcase classname="testcases.test" name="virtual_UIUX_paymentStep" time="0.010"/>
  <system-out/>
  <testcase classname="testcases.test" name="virtual_UIUX_paymentStep" time="0.023"/>
  <system-out/>
  <testcase classname="testcases.test" name="virtual_UIUX_paymentStep" time="0.069"/>
  <system-out/>
  <testcase classname="testcases.test" name="virtual_UIUX_paymentStep" time="0.011"/>
  <system-out/>
  <testcase classname="testcases.test" name="virtual_UIUX_paymentStep" time="0.009"/>
  <system-out/>
  <testcase classname="testcases.test" name="virtual_UIUX_paymentStep" time="0.009"/>
  <system-out/>
  <testcase classname="testcases.test" name="virtual_UIUX_paymentStep" time="40.214"/>
  <system-out/>
  <testcase classname="testcases.test" name="virtual_UIUX_paymentStep" time="0.009"/>
  <system-out/>
  <testcase classname="testcases.test" name="virtual_UIUX_paymentStep" time="0.009"/>
  <system-out/>
  <testcase classname="testcases.test" name="virtual_UIUX_paymentStep" time="0.010"/>
  <system-out/>
  <testcase classname="testcases.test" name="virtual_UIUX_paymentStep" time="0.099"/>
  <system-out/>
  <testcase classname="testcases.test" name="namecheck" time="0.000"/>
  <system-out/>
</testsuite> <!-- testcases.test -->
